Added Component: Designator=*1(SOT23-6L)
Added Component: Designator=ANT1(IPEX-3Pin)
Added Component: Designator=C1(C 0603_L)
Add component (AddParameter): Name = "BOM名称"; Value = "无极性贴片电容"; VariantName = "[No Variations]"
Add component (AddParameter): Name = "学习资源"; Value = "www.ooocke.com"; VariantName = "[No Variations]"
Add component (AddParameter): Name = "版权归属"; Value = "源创客"; VariantName = "[No Variations]"
Added Component: Designator=C2(C 0603_L)
Add component (AddParameter): Name = "BOM名称"; Value = "无极性贴片电容"; VariantName = "[No Variations]"
Add component (AddParameter): Name = "学习资源"; Value = "www.ooocke.com"; VariantName = "[No Variations]"
Add component (AddParameter): Name = "版权归属"; Value = "源创客"; VariantName = "[No Variations]"
Added Component: Designator=C3(C 0603_L)
Add component (AddParameter): Name = "BOM名称"; Value = "无极性贴片电容"; VariantName = "[No Variations]"
Add component (AddParameter): Name = "学习资源"; Value = "www.ooocke.com"; VariantName = "[No Variations]"
Add component (AddParameter): Name = "版权归属"; Value = "源创客"; VariantName = "[No Variations]"
Added Component: Designator=C4(C 0603_L)
Add component (AddParameter): Name = "BOM名称"; Value = "无极性贴片电容"; VariantName = "[No Variations]"
Add component (AddParameter): Name = "学习资源"; Value = "www.ooocke.com"; VariantName = "[No Variations]"
Add component (AddParameter): Name = "版权归属"; Value = "源创客"; VariantName = "[No Variations]"
Added Component: Designator=C5(C 0603_L)
Add component (AddParameter): Name = "BOM名称"; Value = "无极性贴片电容"; VariantName = "[No Variations]"
Add component (AddParameter): Name = "学习资源"; Value = "www.ooocke.com"; VariantName = "[No Variations]"
Add component (AddParameter): Name = "版权归属"; Value = "源创客"; VariantName = "[No Variations]"
Added Component: Designator=C6(C 0603_L)
Add component (AddParameter): Name = "BOM名称"; Value = "无极性贴片电容"; VariantName = "[No Variations]"
Add component (AddParameter): Name = "学习资源"; Value = "www.ooocke.com"; VariantName = "[No Variations]"
Add component (AddParameter): Name = "版权归属"; Value = "源创客"; VariantName = "[No Variations]"
Added Component: Designator=C7(C 0603_L)
Add component (AddParameter): Name = "BOM名称"; Value = "无极性贴片电容"; VariantName = "[No Variations]"
Add component (AddParameter): Name = "学习资源"; Value = "www.ooocke.com"; VariantName = "[No Variations]"
Add component (AddParameter): Name = "版权归属"; Value = "源创客"; VariantName = "[No Variations]"
Added Component: Designator=C8(C 0603_L)
Add component (AddParameter): Name = "BOM名称"; Value = "无极性贴片电容"; VariantName = "[No Variations]"
Add component (AddParameter): Name = "学习资源"; Value = "www.ooocke.com"; VariantName = "[No Variations]"
Add component (AddParameter): Name = "版权归属"; Value = "源创客"; VariantName = "[No Variations]"
Added Component: Designator=C9(C 0603_L)
Add component (AddParameter): Name = "BOM名称"; Value = "无极性贴片电容"; VariantName = "[No Variations]"
Add component (AddParameter): Name = "学习资源"; Value = "www.ooocke.com"; VariantName = "[No Variations]"
Add component (AddParameter): Name = "版权归属"; Value = "源创客"; VariantName = "[No Variations]"
Added Component: Designator=C10(C 0603_L)
Add component (AddParameter): Name = "BOM名称"; Value = "无极性贴片电容"; VariantName = "[No Variations]"
Add component (AddParameter): Name = "学习资源"; Value = "www.ooocke.com"; VariantName = "[No Variations]"
Add component (AddParameter): Name = "版权归属"; Value = "源创客"; VariantName = "[No Variations]"
Added Component: Designator=C11(C 0603_L)
Add component (AddParameter): Name = "BOM名称"; Value = "无极性贴片电容"; VariantName = "[No Variations]"
Add component (AddParameter): Name = "学习资源"; Value = "www.ooocke.com"; VariantName = "[No Variations]"
Add component (AddParameter): Name = "版权归属"; Value = "源创客"; VariantName = "[No Variations]"
Added Component: Designator=C12(C 0603_L)
Add component (AddParameter): Name = "BOM名称"; Value = "无极性贴片电容"; VariantName = "[No Variations]"
Add component (AddParameter): Name = "学习资源"; Value = "www.ooocke.com"; VariantName = "[No Variations]"
Add component (AddParameter): Name = "版权归属"; Value = "源创客"; VariantName = "[No Variations]"
Added Component: Designator=C13(C 0603_L)
Add component (AddParameter): Name = "BOM名称"; Value = "无极性贴片电容"; VariantName = "[No Variations]"
Add component (AddParameter): Name = "学习资源"; Value = "www.ooocke.com"; VariantName = "[No Variations]"
Add component (AddParameter): Name = "版权归属"; Value = "源创客"; VariantName = "[No Variations]"
Added Component: Designator=C14(C 0603_L)
Add component (AddParameter): Name = "BOM名称"; Value = "无极性贴片电容"; VariantName = "[No Variations]"
Add component (AddParameter): Name = "学习资源"; Value = "www.ooocke.com"; VariantName = "[No Variations]"
Add component (AddParameter): Name = "版权归属"; Value = "源创客"; VariantName = "[No Variations]"
Added Component: Designator=C15(C 0603_L)
Add component (AddParameter): Name = "BOM名称"; Value = "无极性贴片电容"; VariantName = "[No Variations]"
Add component (AddParameter): Name = "学习资源"; Value = "www.ooocke.com"; VariantName = "[No Variations]"
Add component (AddParameter): Name = "版权归属"; Value = "源创客"; VariantName = "[No Variations]"
Added Component: Designator=C16(C 0603_L)
Add component (AddParameter): Name = "BOM名称"; Value = "无极性贴片电容"; VariantName = "[No Variations]"
Add component (AddParameter): Name = "学习资源"; Value = "www.ooocke.com"; VariantName = "[No Variations]"
Add component (AddParameter): Name = "版权归属"; Value = "源创客"; VariantName = "[No Variations]"
Added Component: Designator=C17(C 0603_L)
Add component (AddParameter): Name = "BOM名称"; Value = "无极性贴片电容"; VariantName = "[No Variations]"
Add component (AddParameter): Name = "学习资源"; Value = "www.ooocke.com"; VariantName = "[No Variations]"
Add component (AddParameter): Name = "版权归属"; Value = "源创客"; VariantName = "[No Variations]"
Added Component: Designator=C18(C 0603_L)
Add component (AddParameter): Name = "BOM名称"; Value = "无极性贴片电容"; VariantName = "[No Variations]"
Add component (AddParameter): Name = "学习资源"; Value = "www.ooocke.com"; VariantName = "[No Variations]"
Add component (AddParameter): Name = "版权归属"; Value = "源创客"; VariantName = "[No Variations]"
Added Component: Designator=C19(C 0603_L)
Add component (AddParameter): Name = "BOM名称"; Value = "无极性贴片电容"; VariantName = "[No Variations]"
Add component (AddParameter): Name = "学习资源"; Value = "www.ooocke.com"; VariantName = "[No Variations]"
Add component (AddParameter): Name = "版权归属"; Value = "源创客"; VariantName = "[No Variations]"
Added Component: Designator=C20(C 0603_L)
Add component (AddParameter): Name = "BOM名称"; Value = "无极性贴片电容"; VariantName = "[No Variations]"
Add component (AddParameter): Name = "学习资源"; Value = "www.ooocke.com"; VariantName = "[No Variations]"
Add component (AddParameter): Name = "版权归属"; Value = "源创客"; VariantName = "[No Variations]"
Added Component: Designator=C21(C 0603_L)
Add component (AddParameter): Name = "BOM名称"; Value = "无极性贴片电容"; VariantName = "[No Variations]"
Add component (AddParameter): Name = "学习资源"; Value = "www.ooocke.com"; VariantName = "[No Variations]"
Add component (AddParameter): Name = "版权归属"; Value = "源创客"; VariantName = "[No Variations]"
Added Component: Designator=C22(C 0603_L)
Add component (AddParameter): Name = "BOM名称"; Value = "无极性贴片电容"; VariantName = "[No Variations]"
Add component (AddParameter): Name = "学习资源"; Value = "www.ooocke.com"; VariantName = "[No Variations]"
Add component (AddParameter): Name = "版权归属"; Value = "源创客"; VariantName = "[No Variations]"
Added Component: Designator=C23(C 0603_L)
Add component (AddParameter): Name = "BOM名称"; Value = "无极性贴片电容"; VariantName = "[No Variations]"
Add component (AddParameter): Name = "学习资源"; Value = "www.ooocke.com"; VariantName = "[No Variations]"
Add component (AddParameter): Name = "版权归属"; Value = "源创客"; VariantName = "[No Variations]"
Added Component: Designator=C24(C 0603_L)
Add component (AddParameter): Name = "BOM名称"; Value = "无极性贴片电容"; VariantName = "[No Variations]"
Add component (AddParameter): Name = "学习资源"; Value = "www.ooocke.com"; VariantName = "[No Variations]"
Add component (AddParameter): Name = "版权归属"; Value = "源创客"; VariantName = "[No Variations]"
Added Component: Designator=IC1(SOP8_N)
Added Component: Designator=IC2(SOT223_N)
Added Component: Designator=IC3(ESSOP10-1mm)
Added Component: Designator=JP1(HDR2.54-LI-4P)
Add component (AddParameter): Name = "BOM名称"; Value = "4P接插件"; VariantName = "[No Variations]"
Add component (AddParameter): Name = "学习资源"; Value = "www.ooocke.com"; VariantName = "[No Variations]"
Add component (AddParameter): Name = "版权归属"; Value = "源创客"; VariantName = "[No Variations]"
Added Component: Designator=JP2(HDR2.54-LI-4P)
Add component (AddParameter): Name = "BOM名称"; Value = "4P接插件"; VariantName = "[No Variations]"
Add component (AddParameter): Name = "学习资源"; Value = "www.ooocke.com"; VariantName = "[No Variations]"
Add component (AddParameter): Name = "版权归属"; Value = "源创客"; VariantName = "[No Variations]"
Added Component: Designator=JP3(HDR2.54-LI-2x6P)
Add component (AddParameter): Name = "BOM名称"; Value = "6*2P接插件"; VariantName = "[No Variations]"
Add component (AddParameter): Name = "学习资源"; Value = "www.ooocke.com"; VariantName = "[No Variations]"
Add component (AddParameter): Name = "版权归属"; Value = "源创客"; VariantName = "[No Variations]"
Added Component: Designator=JP4(KF301-5.0-2P)
Add component (AddParameter): Name = "BOM名称"; Value = "2P接插件"; VariantName = "[No Variations]"
Add component (AddParameter): Name = "学习资源"; Value = "www.ooocke.com"; VariantName = "[No Variations]"
Add component (AddParameter): Name = "版权归属"; Value = "源创客"; VariantName = "[No Variations]"
Added Component: Designator=JP5(FPC0.5 2H-WS-8P)
Add component (AddParameter): Name = "BOM名称"; Value = "FPC连接器"; VariantName = "[No Variations]"
Add component (AddParameter): Name = "学习资源"; Value = "www.ooocke.com"; VariantName = "[No Variations]"
Add component (AddParameter): Name = "版权归属"; Value = "源创客"; VariantName = "[No Variations]"
Added Component: Designator=KEY1(TSMD-3*4*2.5)
Added Component: Designator=KEY2(TSMD-3*4*2.5)
Added Component: Designator=L1(L 0603-L)
Add component (AddParameter): Name = "BOM名称"; Value = "小功率贴片电感"; VariantName = "[No Variations]"
Add component (AddParameter): Name = "学习资源"; Value = "www.ooocke.com"; VariantName = "[No Variations]"
Add component (AddParameter): Name = "版权归属"; Value = "源创客"; VariantName = "[No Variations]"
Added Component: Designator=L2(L 0603-L)
Add component (AddParameter): Name = "BOM名称"; Value = "小功率贴片电感"; VariantName = "[No Variations]"
Add component (AddParameter): Name = "学习资源"; Value = "www.ooocke.com"; VariantName = "[No Variations]"
Add component (AddParameter): Name = "版权归属"; Value = "源创客"; VariantName = "[No Variations]"
Added Component: Designator=LED1(LED 0603B)
Add component (AddParameter): Name = "BOM名称"; Value = "贴片LED"; VariantName = "[No Variations]"
Add component (AddParameter): Name = "学习资源"; Value = "www.ooocke.com"; VariantName = "[No Variations]"
Add component (AddParameter): Name = "版权归属"; Value = "源创客"; VariantName = "[No Variations]"
Added Component: Designator=POWER1(LED 0603R)
Add component (AddParameter): Name = "BOM名称"; Value = "贴片LED"; VariantName = "[No Variations]"
Add component (AddParameter): Name = "学习资源"; Value = "www.ooocke.com"; VariantName = "[No Variations]"
Add component (AddParameter): Name = "版权归属"; Value = "源创客"; VariantName = "[No Variations]"
Added Component: Designator=Q1(SOT23-3L)
Add component (AddParameter): Name = "BOM名称"; Value = "高频放大-NPN型"; VariantName = "[No Variations]"
Add component (AddParameter): Name = "学习资源"; Value = "www.ooocke.com"; VariantName = "[No Variations]"
Add component (AddParameter): Name = "属性"; Value = "40V 1.5A 1W 100MHZ"; VariantName = "[No Variations]"
Add component (AddParameter): Name = "版权归属"; Value = "源创客"; VariantName = "[No Variations]"
Added Component: Designator=R1(R 0603_L)
Add component (AddParameter): Name = "BOM名称"; Value = "贴片电阻"; VariantName = "[No Variations]"
Add component (AddParameter): Name = "学习资源"; Value = "www.ooocke.com"; VariantName = "[No Variations]"
Add component (AddParameter): Name = "版权归属"; Value = "源创客"; VariantName = "[No Variations]"
Added Component: Designator=R2(R 0603_L)
Add component (AddParameter): Name = "BOM名称"; Value = "贴片电阻"; VariantName = "[No Variations]"
Add component (AddParameter): Name = "学习资源"; Value = "www.ooocke.com"; VariantName = "[No Variations]"
Add component (AddParameter): Name = "版权归属"; Value = "源创客"; VariantName = "[No Variations]"
Added Component: Designator=R3(R 0603_L)
Add component (AddParameter): Name = "BOM名称"; Value = "贴片电阻"; VariantName = "[No Variations]"
Add component (AddParameter): Name = "学习资源"; Value = "www.ooocke.com"; VariantName = "[No Variations]"
Add component (AddParameter): Name = "版权归属"; Value = "源创客"; VariantName = "[No Variations]"
Added Component: Designator=R4(R 0603_L)
Add component (AddParameter): Name = "BOM名称"; Value = "贴片电阻"; VariantName = "[No Variations]"
Add component (AddParameter): Name = "学习资源"; Value = "www.ooocke.com"; VariantName = "[No Variations]"
Add component (AddParameter): Name = "版权归属"; Value = "源创客"; VariantName = "[No Variations]"
Added Component: Designator=R5(R 0603_L)
Add component (AddParameter): Name = "BOM名称"; Value = "贴片电阻"; VariantName = "[No Variations]"
Add component (AddParameter): Name = "学习资源"; Value = "www.ooocke.com"; VariantName = "[No Variations]"
Add component (AddParameter): Name = "版权归属"; Value = "源创客"; VariantName = "[No Variations]"
Added Component: Designator=R6(R 0603_L)
Add component (AddParameter): Name = "BOM名称"; Value = "贴片电阻"; VariantName = "[No Variations]"
Add component (AddParameter): Name = "学习资源"; Value = "www.ooocke.com"; VariantName = "[No Variations]"
Add component (AddParameter): Name = "版权归属"; Value = "源创客"; VariantName = "[No Variations]"
Added Component: Designator=R7(R 0603_L)
Add component (AddParameter): Name = "BOM名称"; Value = "贴片电阻"; VariantName = "[No Variations]"
Add component (AddParameter): Name = "学习资源"; Value = "www.ooocke.com"; VariantName = "[No Variations]"
Add component (AddParameter): Name = "版权归属"; Value = "源创客"; VariantName = "[No Variations]"
Added Component: Designator=R8(R 0603_L)
Add component (AddParameter): Name = "BOM名称"; Value = "贴片电阻"; VariantName = "[No Variations]"
Add component (AddParameter): Name = "学习资源"; Value = "www.ooocke.com"; VariantName = "[No Variations]"
Add component (AddParameter): Name = "版权归属"; Value = "源创客"; VariantName = "[No Variations]"
Added Component: Designator=R9(R 0603_L)
Add component (AddParameter): Name = "BOM名称"; Value = "贴片电阻"; VariantName = "[No Variations]"
Add component (AddParameter): Name = "学习资源"; Value = "www.ooocke.com"; VariantName = "[No Variations]"
Add component (AddParameter): Name = "版权归属"; Value = "源创客"; VariantName = "[No Variations]"
Added Component: Designator=R10(R 0603_L)
Add component (AddParameter): Name = "BOM名称"; Value = "贴片电阻"; VariantName = "[No Variations]"
Add component (AddParameter): Name = "学习资源"; Value = "www.ooocke.com"; VariantName = "[No Variations]"
Add component (AddParameter): Name = "版权归属"; Value = "源创客"; VariantName = "[No Variations]"
Added Component: Designator=R11(R 1206_L)
Add component (AddParameter): Name = "BOM名称"; Value = "贴片电阻"; VariantName = "[No Variations]"
Add component (AddParameter): Name = "学习资源"; Value = "www.ooocke.com"; VariantName = "[No Variations]"
Add component (AddParameter): Name = "版权归属"; Value = "源创客"; VariantName = "[No Variations]"
Added Component: Designator=R12(R 0603_L)
Add component (AddParameter): Name = "BOM名称"; Value = "贴片电阻"; VariantName = "[No Variations]"
Add component (AddParameter): Name = "学习资源"; Value = "www.ooocke.com"; VariantName = "[No Variations]"
Add component (AddParameter): Name = "版权归属"; Value = "源创客"; VariantName = "[No Variations]"
Added Component: Designator=R13(R 0603_L)
Add component (AddParameter): Name = "BOM名称"; Value = "贴片电阻"; VariantName = "[No Variations]"
Add component (AddParameter): Name = "学习资源"; Value = "www.ooocke.com"; VariantName = "[No Variations]"
Add component (AddParameter): Name = "版权归属"; Value = "源创客"; VariantName = "[No Variations]"
Added Component: Designator=R14(R 0603_L)
Add component (AddParameter): Name = "BOM名称"; Value = "贴片电阻"; VariantName = "[No Variations]"
Add component (AddParameter): Name = "学习资源"; Value = "www.ooocke.com"; VariantName = "[No Variations]"
Add component (AddParameter): Name = "版权归属"; Value = "源创客"; VariantName = "[No Variations]"
Added Component: Designator=R15(R 0603_L)
Add component (AddParameter): Name = "BOM名称"; Value = "贴片电阻"; VariantName = "[No Variations]"
Add component (AddParameter): Name = "学习资源"; Value = "www.ooocke.com"; VariantName = "[No Variations]"
Add component (AddParameter): Name = "版权归属"; Value = "源创客"; VariantName = "[No Variations]"
Added Component: Designator=R16(R 0603_L)
Add component (AddParameter): Name = "BOM名称"; Value = "贴片电阻"; VariantName = "[No Variations]"
Add component (AddParameter): Name = "学习资源"; Value = "www.ooocke.com"; VariantName = "[No Variations]"
Add component (AddParameter): Name = "版权归属"; Value = "源创客"; VariantName = "[No Variations]"
Added Component: Designator=SW*(TM-2023)
Added Component: Designator=U1(QFN-56_L7.0-W7.0-P0.40-TL-EP4.0)
Added Component: Designator=USB1(TYPE-C-6P)
Add component (AddParameter): Name = "Add into BOM"; Value = "yes"; VariantName = "[No Variations]"
Add component (AddParameter): Name = "Connector Type"; Value = "Type-C"; VariantName = "[No Variations]"
Add component (AddParameter): Name = "Convert to PCB"; Value = "yes"; VariantName = "[No Variations]"
Add component (AddParameter): Name = "Current Rating - Power (Max)"; Value = "-"; VariantName = "[No Variations]"
Add component (AddParameter): Name = "Datasheet"; Value = "https://atta.szlcsc.com/upload/public/pdf/source/20201203/C456012_B13F72044DF846EDBE9BDD0D1D3CD166.pdf"; VariantName = "[No Variations]"
Add component (AddParameter): Name = "Device"; Value = "TYPE-C 6P"; VariantName = "[No Variations]"
Add component (AddParameter): Name = "Gender"; Value = "母座"; VariantName = "[No Variations]"
Add component (AddParameter): Name = "JLCPCB Part Class"; Value = "Extended Part"; VariantName = "[No Variations]"
Add component (AddParameter): Name = "LCSC Part Name"; Value = "Type-C 母头 6pin简易款四脚端子SMT+DIP 停产"; VariantName = "[No Variations]"
Add component (AddParameter): Name = "Manufacturer"; Value = "SHOU HAN(首韩)"; VariantName = "[No Variations]"
Add component (AddParameter): Name = "Manufacturer Part"; Value = "TYPE-C 6P"; VariantName = "[No Variations]"
Add component (AddParameter): Name = "Mounting Style"; Value = "卧贴"; VariantName = "[No Variations]"
Add component (AddParameter): Name = "Number of Contacts"; Value = "6"; VariantName = "[No Variations]"
Add component (AddParameter): Name = "Number of Ports"; Value = "1"; VariantName = "[No Variations]"
Add component (AddParameter): Name = "Operating Temperature Range"; Value = "-40~+85"; VariantName = "[No Variations]"
Add component (AddParameter): Name = "Standard"; Value = "-"; VariantName = "[No Variations]"
Add component (AddParameter): Name = "Supplier"; Value = "LCSC"; VariantName = "[No Variations]"
Add component (AddParameter): Name = "Supplier Footprint"; Value = "SMD"; VariantName = "[No Variations]"
Add component (AddParameter): Name = "Supplier Part"; Value = "C456012"; VariantName = "[No Variations]"
Add component (AddParameter): Name = "Symbol"; Value = "TYPE-C 6P"; VariantName = "[No Variations]"
Added Component: Designator=USB2(TYPE-C-6P)
Add component (AddParameter): Name = "Add into BOM"; Value = "yes"; VariantName = "[No Variations]"
Add component (AddParameter): Name = "Connector Type"; Value = "Type-C"; VariantName = "[No Variations]"
Add component (AddParameter): Name = "Convert to PCB"; Value = "yes"; VariantName = "[No Variations]"
Add component (AddParameter): Name = "Current Rating - Power (Max)"; Value = "-"; VariantName = "[No Variations]"
Add component (AddParameter): Name = "Datasheet"; Value = "https://atta.szlcsc.com/upload/public/pdf/source/20201203/C456012_B13F72044DF846EDBE9BDD0D1D3CD166.pdf"; VariantName = "[No Variations]"
Add component (AddParameter): Name = "Device"; Value = "TYPE-C 6P"; VariantName = "[No Variations]"
Add component (AddParameter): Name = "Gender"; Value = "母座"; VariantName = "[No Variations]"
Add component (AddParameter): Name = "JLCPCB Part Class"; Value = "Extended Part"; VariantName = "[No Variations]"
Add component (AddParameter): Name = "LCSC Part Name"; Value = "Type-C 母头 6pin简易款四脚端子SMT+DIP 停产"; VariantName = "[No Variations]"
Add component (AddParameter): Name = "Manufacturer"; Value = "SHOU HAN(首韩)"; VariantName = "[No Variations]"
Add component (AddParameter): Name = "Manufacturer Part"; Value = "TYPE-C 6P"; VariantName = "[No Variations]"
Add component (AddParameter): Name = "Mounting Style"; Value = "卧贴"; VariantName = "[No Variations]"
Add component (AddParameter): Name = "Number of Contacts"; Value = "6"; VariantName = "[No Variations]"
Add component (AddParameter): Name = "Number of Ports"; Value = "1"; VariantName = "[No Variations]"
Add component (AddParameter): Name = "Operating Temperature Range"; Value = "-40~+85"; VariantName = "[No Variations]"
Add component (AddParameter): Name = "Standard"; Value = "-"; VariantName = "[No Variations]"
Add component (AddParameter): Name = "Supplier"; Value = "LCSC"; VariantName = "[No Variations]"
Add component (AddParameter): Name = "Supplier Footprint"; Value = "SMD"; VariantName = "[No Variations]"
Add component (AddParameter): Name = "Supplier Part"; Value = "C456012"; VariantName = "[No Variations]"
Add component (AddParameter): Name = "Symbol"; Value = "TYPE-C 6P"; VariantName = "[No Variations]"
Added Component: Designator=USB3(USB-A/S_B)
Add component (AddParameter): Name = "BOM名称"; Value = "USB-A型母接口"; VariantName = "[No Variations]"
Add component (AddParameter): Name = "学习资源"; Value = "www.ooocke.com"; VariantName = "[No Variations]"
Add component (AddParameter): Name = "版权归属"; Value = "源创客"; VariantName = "[No Variations]"
Added Component: Designator=USB(TYPE-C-16P)
Added Component: Designator=X1(OSC 3225-4P)
Add component (AddParameter): Name = "BOM名称"; Value = "4脚有源晶振"; VariantName = "[No Variations]"
Add component (AddParameter): Name = "学习资源"; Value = "www.ooocke.com"; VariantName = "[No Variations]"
Add component (AddParameter): Name = "版权归属"; Value = "源创客"; VariantName = "[No Variations]"
Added Pin To Net: NetName=GND Pin=*1-2
Added Pin To Net: NetName=GND Pin=*1-5
Added Pin To Net: NetName=VDD33 Pin=*1-6
Added Pin To Net: NetName=GND Pin=ANT1-2
Added Pin To Net: NetName=GND Pin=ANT1-3
Added Pin To Net: NetName=GND Pin=C1-2
Added Pin To Net: NetName=GND Pin=C2-1
Added Pin To Net: NetName=VDD33 Pin=C2-2
Added Pin To Net: NetName=GND Pin=C3-2
Added Pin To Net: NetName=GND Pin=C4-1
Added Pin To Net: NetName=VDD33 Pin=C4-2
Added Pin To Net: NetName=GND Pin=C5-1
Added Pin To Net: NetName=VDD33 Pin=C5-2
Added Pin To Net: NetName=GND Pin=C6-1
Added Pin To Net: NetName=GND Pin=C7-1
Added Pin To Net: NetName=GND Pin=C8-1
Added Pin To Net: NetName=GND Pin=C9-1
Added Pin To Net: NetName=VDD33 Pin=C9-2
Added Pin To Net: NetName=GND Pin=C10-1
Added Pin To Net: NetName=VDD33 Pin=C10-2
Added Pin To Net: NetName=GND Pin=C11-1
Added Pin To Net: NetName=VDD33 Pin=C11-2
Added Pin To Net: NetName=GND Pin=C12-1
Added Pin To Net: NetName=VDD33 Pin=C12-2
Added Pin To Net: NetName=GND Pin=C13-1
Added Pin To Net: NetName=GND Pin=C14-1
Added Pin To Net: NetName=GND Pin=C15-1
Added Pin To Net: NetName=GND Pin=C16-1
Added Pin To Net: NetName=GND Pin=C17-1
Added Pin To Net: NetName=GND Pin=C18-1
Added Pin To Net: NetName=GND Pin=C19-1
Added Pin To Net: NetName=GND Pin=C20-1
Added Pin To Net: NetName=VDD33 Pin=C20-2
Added Pin To Net: NetName=GND Pin=C21-1
Added Pin To Net: NetName=VDD33 Pin=C21-2
Added Pin To Net: NetName=VDD33 Pin=C22-2
Added Pin To Net: NetName=GND Pin=C23-1
Added Pin To Net: NetName=VDD33 Pin=C23-2
Added Pin To Net: NetName=GND Pin=C24-1
Added Pin To Net: NetName=VDD33 Pin=C24-2
Added Pin To Net: NetName=GND Pin=IC1-3
Added Pin To Net: NetName=VDD33 Pin=IC1-5
Added Pin To Net: NetName=VDD33 Pin=IC1-8
Added Pin To Net: NetName=GND Pin=IC2-1
Added Pin To Net: NetName=VDD33 Pin=IC2-2
Added Pin To Net: NetName=VDD33 Pin=IC2-2
Added Pin To Net: NetName=VDD33 Pin=IC3-1
Added Pin To Net: NetName=GND Pin=JP2-4
Added Pin To Net: NetName=VDD33 Pin=JP3-1
Added Pin To Net: NetName=GND Pin=JP3-2
Added Pin To Net: NetName=GND Pin=JP4-1
Added Pin To Net: NetName=GND Pin=JP5-2
Added Pin To Net: NetName=VDD33 Pin=JP5-7
Added Pin To Net: NetName=GND Pin=KEY1-1
Added Pin To Net: NetName=GND Pin=KEY1-2
Added Pin To Net: NetName=GND Pin=KEY2-1
Added Pin To Net: NetName=GND Pin=KEY2-2
Added Pin To Net: NetName=VDD33 Pin=L1-1
Added Pin To Net: NetName=GND Pin=POWER1-2
Added Pin To Net: NetName=VDD33 Pin=Q1-3
Added Pin To Net: NetName=VDD33 Pin=R2-2
Added Pin To Net: NetName=VDD33 Pin=R3-2
Added Pin To Net: NetName=VDD33 Pin=R4-2
Added Pin To Net: NetName=VDD33 Pin=R5-2
Added Pin To Net: NetName=GND Pin=R8-1
Added Pin To Net: NetName=GND Pin=R9-1
Added Pin To Net: NetName=GND Pin=R13-1
Added Pin To Net: NetName=GND Pin=R15-1
Added Pin To Net: NetName=GND Pin=SW*-C
Added Pin To Net: NetName=VDD33 Pin=U1-1
Added Pin To Net: NetName=VDD33 Pin=U1-20
Added Pin To Net: NetName=VDD33 Pin=U1-27
Added Pin To Net: NetName=VDD33 Pin=U1-45
Added Pin To Net: NetName=VDD33 Pin=U1-51
Added Pin To Net: NetName=VDD33 Pin=U1-54
Added Pin To Net: NetName=GND Pin=U1-57
Added Pin To Net: NetName=GND Pin=USB1-7
Added Pin To Net: NetName=GND Pin=USB1-7
Added Pin To Net: NetName=GND Pin=USB1-7
Added Pin To Net: NetName=GND Pin=USB1-7
Added Pin To Net: NetName=GND Pin=USB1-A12
Added Pin To Net: NetName=GND Pin=USB1-B12
Added Pin To Net: NetName=GND Pin=USB2-A12
Added Pin To Net: NetName=GND Pin=USB2-B12
Added Pin To Net: NetName=GND Pin=USB3-4
Added Pin To Net: NetName=GND Pin=USB3-4
Added Pin To Net: NetName=GND Pin=USB3-4
Added Pin To Net: NetName=GND Pin=USB-1
Added Pin To Net: NetName=GND Pin=USB-2
Added Pin To Net: NetName=GND Pin=USB-3
Added Pin To Net: NetName=GND Pin=USB-4
Added Pin To Net: NetName=GND Pin=USB-A1
Added Pin To Net: NetName=GND Pin=USB-A12
Added Pin To Net: NetName=GND Pin=USB-B1
Added Pin To Net: NetName=GND Pin=USB-B12
Added Pin To Net: NetName=GND Pin=X1-2
Added Pin To Net: NetName=CC1 Pin=IC3-7
Added Pin To Net: NetName=CC1 Pin=R8-2
Added Pin To Net: NetName=CC1 Pin=USB1-A5
Added Pin To Net: NetName=CC1 Pin=USB2-B5
Added Net: Name=CC1
Added Pin To Net: NetName=CC2 Pin=IC3-6
Added Pin To Net: NetName=CC2 Pin=R9-2
Added Pin To Net: NetName=CC2 Pin=USB1-B5
Added Pin To Net: NetName=CC2 Pin=USB2-A5
Added Net: Name=CC2
Added Pin To Net: NetName=CH340N D+ Pin=IC1-1
Added Pin To Net: NetName=CH340N D+ Pin=USB-A6
Added Pin To Net: NetName=CH340N D+ Pin=USB-B6
Added Net: Name=CH340N D+
Added Pin To Net: NetName=CH340N D- Pin=IC1-2
Added Pin To Net: NetName=CH340N D- Pin=USB-A7
Added Pin To Net: NetName=CH340N D- Pin=USB-B7
Added Net: Name=CH340N D-
Added Pin To Net: NetName=CHIP_PU Pin=C3-1
Added Pin To Net: NetName=CHIP_PU Pin=C14-2
Added Pin To Net: NetName=CHIP_PU Pin=KEY1-3
Added Pin To Net: NetName=CHIP_PU Pin=KEY1-4
Added Pin To Net: NetName=CHIP_PU Pin=R4-1
Added Pin To Net: NetName=CHIP_PU Pin=U1-56
Added Net: Name=CHIP_PU
Added Pin To Net: NetName=IO0/BOOT* Pin=C15-2
Added Pin To Net: NetName=IO0/BOOT* Pin=KEY2-3
Added Pin To Net: NetName=IO0/BOOT* Pin=KEY2-4
Added Pin To Net: NetName=IO0/BOOT* Pin=U1-5
Added Net: Name=IO0/BOOT*
Added Pin To Net: NetName=IO1/CFG1* Pin=IC3-9
Added Pin To Net: NetName=IO1/CFG1* Pin=R7-2
Added Pin To Net: NetName=IO1/CFG1* Pin=U1-6
Added Net: Name=IO1/CFG1*
Added Pin To Net: NetName=IO2/CFG2* Pin=IC3-2
Added Pin To Net: NetName=IO2/CFG2* Pin=U1-7
Added Net: Name=IO2/CFG2*
Added Pin To Net: NetName=IO3/CFG3* Pin=IC3-3
Added Pin To Net: NetName=IO3/CFG3* Pin=U1-8
Added Net: Name=IO3/CFG3*
Added Pin To Net: NetName=IO5/VSENSE* Pin=R12-1
Added Pin To Net: NetName=IO5/VSENSE* Pin=R13-2
Added Pin To Net: NetName=IO5/VSENSE* Pin=U1-10
Added Net: Name=IO5/VSENSE*
Added Pin To Net: NetName=IO6/ISENSE* Pin=*1-1
Added Pin To Net: NetName=IO6/ISENSE* Pin=U1-11
Added Net: Name=IO6/ISENSE*
Added Pin To Net: NetName=IO7 Pin=JP3-3
Added Pin To Net: NetName=IO7 Pin=U1-12
Added Net: Name=IO7
Added Pin To Net: NetName=IO8 Pin=JP3-4
Added Pin To Net: NetName=IO8 Pin=U1-13
Added Net: Name=IO8
Added Pin To Net: NetName=IO9 Pin=JP3-5
Added Pin To Net: NetName=IO9 Pin=U1-14
Added Net: Name=IO9
Added Pin To Net: NetName=IO10 Pin=JP3-6
Added Pin To Net: NetName=IO10 Pin=U1-15
Added Net: Name=IO10
Added Pin To Net: NetName=IO11 Pin=JP3-7
Added Pin To Net: NetName=IO11 Pin=U1-16
Added Net: Name=IO11
Added Pin To Net: NetName=IO12 Pin=JP3-8
Added Pin To Net: NetName=IO12 Pin=U1-17
Added Net: Name=IO12
Added Pin To Net: NetName=IO13 Pin=JP3-9
Added Pin To Net: NetName=IO13 Pin=U1-18
Added Net: Name=IO13
Added Pin To Net: NetName=IO14 Pin=JP3-10
Added Pin To Net: NetName=IO14 Pin=U1-19
Added Net: Name=IO14
Added Pin To Net: NetName=IO17/DAC1 Pin=JP3-11
Added Pin To Net: NetName=IO17/DAC1 Pin=U1-23
Added Net: Name=IO17/DAC1
Added Pin To Net: NetName=IO18/DAC2 Pin=JP3-12
Added Pin To Net: NetName=IO18/DAC2 Pin=U1-24
Added Net: Name=IO18/DAC2
Added Pin To Net: NetName=IO19/KEY1* Pin=C8-2
Added Pin To Net: NetName=IO19/KEY1* Pin=SW*-1
Added Pin To Net: NetName=IO19/KEY1* Pin=U1-25
Added Net: Name=IO19/KEY1*
Added Pin To Net: NetName=IO20/KEY2* Pin=C13-2
Added Pin To Net: NetName=IO20/KEY2* Pin=SW*-2
Added Pin To Net: NetName=IO20/KEY2* Pin=U1-26
Added Net: Name=IO20/KEY2*
Added Pin To Net: NetName=IO21/KEYT* Pin=C7-2
Added Pin To Net: NetName=IO21/KEYT* Pin=SW*-T
Added Pin To Net: NetName=IO21/KEYT* Pin=U1-28
Added Net: Name=IO21/KEYT*
Added Pin To Net: NetName=IO33/BLK* Pin=R14-2
Added Pin To Net: NetName=IO33/BLK* Pin=U1-37
Added Net: Name=IO33/BLK*
Added Pin To Net: NetName=IO34/SPICS* Pin=JP5-8
Added Pin To Net: NetName=IO34/SPICS* Pin=U1-38
Added Net: Name=IO34/SPICS*
Added Pin To Net: NetName=IO35/SPICLK* Pin=JP5-6
Added Pin To Net: NetName=IO35/SPICLK* Pin=U1-39
Added Net: Name=IO35/SPICLK*
Added Pin To Net: NetName=IO36/SPID* Pin=JP5-5
Added Pin To Net: NetName=IO36/SPID* Pin=U1-40
Added Net: Name=IO36/SPID*
Added Pin To Net: NetName=IO37/SPIDC* Pin=JP5-4
Added Pin To Net: NetName=IO37/SPIDC* Pin=U1-41
Added Net: Name=IO37/SPIDC*
Added Pin To Net: NetName=IO38/RES* Pin=JP5-3
Added Pin To Net: NetName=IO38/RES* Pin=U1-42
Added Net: Name=IO38/RES*
Added Pin To Net: NetName=IO39/TCK* Pin=JP1-4
Added Pin To Net: NetName=IO39/TCK* Pin=U1-43
Added Net: Name=IO39/TCK*
Added Pin To Net: NetName=IO40/TDO* Pin=JP1-3
Added Pin To Net: NetName=IO40/TDO* Pin=U1-44
Added Net: Name=IO40/TDO*
Added Pin To Net: NetName=IO41/TDI* Pin=JP1-2
Added Pin To Net: NetName=IO41/TDI* Pin=U1-46
Added Net: Name=IO41/TDI*
Added Pin To Net: NetName=IO42/TMS* Pin=JP1-1
Added Pin To Net: NetName=IO42/TMS* Pin=U1-47
Added Net: Name=IO42/TMS*
Added Pin To Net: NetName=IO43/TXD0* Pin=IC1-7
Added Pin To Net: NetName=IO43/TXD0* Pin=JP2-2
Added Pin To Net: NetName=IO43/TXD0* Pin=U1-48
Added Net: Name=IO43/TXD0*
Added Pin To Net: NetName=IO44/RXD0* Pin=IC1-6
Added Pin To Net: NetName=IO44/RXD0* Pin=JP2-3
Added Pin To Net: NetName=IO44/RXD0* Pin=U1-49
Added Net: Name=IO44/RXD0*
Added Pin To Net: NetName=IO45/LED0* Pin=LED1-2
Added Pin To Net: NetName=IO45/LED0* Pin=U1-50
Added Net: Name=IO45/LED0*
Added Pin To Net: NetName=LNA_IN Pin=C17-2
Added Pin To Net: NetName=LNA_IN Pin=L2-2
Added Pin To Net: NetName=LNA_IN Pin=U1-2
Added Net: Name=LNA_IN
Added Pin To Net: NetName=LOUT+ Pin=*1-4
Added Pin To Net: NetName=LOUT+ Pin=JP4-2
Added Pin To Net: NetName=LOUT+ Pin=R11-1
Added Pin To Net: NetName=LOUT+ Pin=USB2-A9
Added Pin To Net: NetName=LOUT+ Pin=USB2-B9
Added Pin To Net: NetName=LOUT+ Pin=USB3-1
Added Net: Name=LOUT+
Added Pin To Net: NetName=NetANT1_1 Pin=ANT1-1
Added Pin To Net: NetName=NetANT1_1 Pin=C16-2
Added Pin To Net: NetName=NetANT1_1 Pin=L2-1
Added Net: Name=NetANT1_1
Added Pin To Net: NetName=NetC1_1 Pin=C1-1
Added Pin To Net: NetName=NetC1_1 Pin=R2-1
Added Pin To Net: NetName=NetC1_1 Pin=X1-4
Added Net: Name=NetC1_1
Added Pin To Net: NetName=NetC22_1 Pin=C22-1
Added Pin To Net: NetName=NetC22_1 Pin=IC3-0
Added Net: Name=NetC22_1
Added Pin To Net: NetName=NetIC3_4 Pin=IC3-4
Added Pin To Net: NetName=NetIC3_4 Pin=R10-1
Added Net: Name=NetIC3_4
Added Pin To Net: NetName=NetIC3_5 Pin=IC3-5
Added Pin To Net: NetName=NetIC3_5 Pin=R10-2
Added Net: Name=NetIC3_5
Added Pin To Net: NetName=NetIC3_8 Pin=IC3-8
Added Pin To Net: NetName=NetIC3_8 Pin=R6-2
Added Net: Name=NetIC3_8
Added Pin To Net: NetName=NetJP5_1 Pin=JP5-1
Added Pin To Net: NetName=NetJP5_1 Pin=R16-1
Added Net: Name=NetJP5_1
Added Pin To Net: NetName=NetLED1_1 Pin=LED1-1
Added Pin To Net: NetName=NetLED1_1 Pin=R3-1
Added Net: Name=NetLED1_1
Added Pin To Net: NetName=NetPOWER1_1 Pin=POWER1-1
Added Pin To Net: NetName=NetPOWER1_1 Pin=R5-1
Added Net: Name=NetPOWER1_1
Added Pin To Net: NetName=NetQ1_1 Pin=Q1-1
Added Pin To Net: NetName=NetQ1_1 Pin=R14-1
Added Pin To Net: NetName=NetQ1_1 Pin=R15-2
Added Net: Name=NetQ1_1
Added Pin To Net: NetName=NetQ1_2 Pin=Q1-2
Added Pin To Net: NetName=NetQ1_2 Pin=R16-2
Added Net: Name=NetQ1_2
Added Pin To Net: NetName=NetR1_2 Pin=R1-2
Added Pin To Net: NetName=NetR1_2 Pin=X1-3
Added Net: Name=NetR1_2
Added Pin To Net: NetName=SENSE+ Pin=*1-3
Added Pin To Net: NetName=SENSE+ Pin=C18-2
Added Pin To Net: NetName=SENSE+ Pin=C19-2
Added Pin To Net: NetName=SENSE+ Pin=IC2-3
Added Pin To Net: NetName=SENSE+ Pin=JP2-1
Added Pin To Net: NetName=SENSE+ Pin=R6-1
Added Pin To Net: NetName=SENSE+ Pin=R7-1
Added Pin To Net: NetName=SENSE+ Pin=R11-2
Added Pin To Net: NetName=SENSE+ Pin=R12-2
Added Pin To Net: NetName=SENSE+ Pin=USB-A4
Added Pin To Net: NetName=SENSE+ Pin=USB-A9
Added Pin To Net: NetName=SENSE+ Pin=USB-B4
Added Pin To Net: NetName=SENSE+ Pin=USB-B9
Added Pin To Net: NetName=SENSE+ Pin=USB1-A9
Added Pin To Net: NetName=SENSE+ Pin=USB1-B9
Added Net: Name=SENSE+
Added Pin To Net: NetName=VDD3P3 Pin=C6-2
Added Pin To Net: NetName=VDD3P3 Pin=L1-2
Added Pin To Net: NetName=VDD3P3 Pin=U1-3
Added Pin To Net: NetName=VDD3P3 Pin=U1-4
Added Net: Name=VDD3P3
Added Pin To Net: NetName=XTAL_P Pin=R1-1
Added Pin To Net: NetName=XTAL_P Pin=U1-53
Added Net: Name=XTAL_P
Added Class: Name=interface
Added Class: Name=mcu
Added Class: Name=power
Added Class: Name=screen
Added Room: Name=interface
Added Room: Name=mcu
Added Room: Name=power
Added Room: Name=screen
